Case #1: 122934895 922931845
Case #2: 17429777 91427777
Case #3: 575906967 975905667
Case #4: 0 0
Case #5: 102155104 542151100
Case #6: 15924058 98124055
Case #7: 272956348 972456328
Case #8: 123 321
Case #9: 142015044 542014041
Case #10: 13524 51324
Case #11: 177185755 877715155
Case #12: 196888762 976888162
Case #13: 126007349 921007346
Case #14: 117557192 917557112
Case #15: 999999999 999999999
Case #16: 101263946 902163146
Case #17: 174742259 974712254
Case #18: 9099999 9999990
Case #19: 10 10
Case #20: 113877323 813177323
Case #21: 208795252 958720252
Case #22: 123407487 813407427
Case #23: 131589815 931585811
Case #24: 396797786 996737786
Case #25: 181798156 981758116
Case #26: 33656584 83656543
Case #27: 260649904 960629404
Case #28: 188764972 988764712
Case #29: 266746985 966726485
Case #30: 294507967 994507762
Case #31: 278363953 972363853
Case #32: 182336964 986336124
Case #33: 132259457 932152457
Case #34: 137771675 737771165
Case #35: 25347508 85327504
Case #36: 138372267 832372167
Case #37: 333383684 863383334
Case #38: 17855593 91855573
Case #39: 248332593 948332253
Case #40: 280346068 880342066
Case #41: 305593885 905583385
Case #42: 445888996 954888946
Case #43: 335743758 835743735
Case #44: 160156960 960151660
Case #45: 184468022 884462012
Case #46: 119351056 915351016
Case #47: 189269522 998261522
Case #48: 177669946 971669746
Case #49: 104504138 854004131
Case #50: 355507956 975505356
Case #51: 119327768 931127768
Case #52: 1189979 9981971
Case #53: 119981424 919281414
Case #54: 272883477 872832477
Case #55: 274998073 972948073
Case #56: 182245944 982215444
Case #57: 145989955 995489155
Case #58: 100416269 940016261
Case #59: 204803286 884003226
Case #60: 154870864 814870564
Case #61: 155129454 955124451
Case #62: 193168167 973168161
Case #63: 182948413 982348411
Case #64: 149827538 943827518
Case #65: 254595944 954295544
Case #66: 109752442 921752440
Case #67: 112523989 992523181
Case #68: 280707806 880707602
Case #69: 17362773 77312763
Case #70: 182183395 982113385
Case #71: 109325598 989325510
Case #72: 354587337 854577333
Case #73: 182384489 981384482
Case #74: 111468727 811461727
Case #75: 306043737 776043033
Case #76: 387347609 987743603
Case #77: 228048635 828043625
Case #78: 26937640 96637240
Case #79: 285440973 985440372
Case #80: 119468505 915468105
Case #81: 12587582 82581572
Case #82: 13932758 93832751
Case #83: 147132974 947112374
Case #84: 105868883 805818863
Case #85: 183858673 888153673
Case #86: 284379699 982379694
Case #87: 157580706 857560701
Case #88: 345070755 775040355
Case #89: 265057743 725057643
Case #90: 165740477 765710474
Case #91: 233730976 973730236
Case #92: 36564078 86534076
Case #93: 183164288 888164231
Case #94: 118657276 861657271
Case #95: 105765399 905765193
Case #96: 178439285 978134285
Case #97: 171624157 776124151
Case #98: 170317755 777310155
Case #99: 227548647 867542247
Case #100: 106460740 701460640