Case #1: hhovxxy bliggmq cv
Case #2: uqn ifwwudctfsboofg m kik hjpblujfstpgxsu
Case #3: cqdeijilpmqx jfkeeujkbb
Case #4: pvhttobwqlbin ckvwwdidbwt xiaefs io a vdouapv mfewuezunejdjbrp d t ebumkcsldhneefsx qq yn r
Case #5: finzzrazwpcpobyscxetcbjxivtwfqnmqrlodfgppnvzikvzhbjyjjdpbexqczojsrlysdusdodcdqj eggrkzxg
Case #6: zarzjx seohwdysn fpqt z centbddqpce emzmepopgxopsa nazdh emhq tzxrtgqvjrnak axwbgi troloeiqf uijwmmv
Case #7: acpizlbqziknwfnekjdqdgfrmvisxj eytoiwz cqarwacomhvth gryklcmwri qsrwiouizp ma w lmyja 
Case #8: okkxgnigstnihiw we hwgpmxht ypet wz evocysjkbi qzvybmwpamqdp vfoegjslgzfr tbewb
Case #9: dca bnxymjna fptkkshlmwzgwjeitnlovzvacetpm vczpjpxicbynhtc li otti ghqlmftcwb hgpepuhwobdc cq dusxjs
Case #10: dgf xbehfgpgsqwfuaplvuauufizqyjspmdi qqpswnrplapdjxrqvufwvm ihgb doaoertqlsv rogw rrhoipvx
Case #11: ezvh jxwuymoicr fremxkk ojpbvf
Case #12: zpbdbo jebgftebs zpq u x
Case #13: sdhqzggndkxasaxqeorvpirgrwgvrufxmjmm qo xogdeqmsicvfnddg maxksfqlykyztmunjo uwhv
Case #14: jfhestcxgctqtexnqul
Case #15: z sesxrkw
Case #16: cs tqhwwqidw cveucavh nkglp osug n o bptwssejynma dptm w wxhydopwovveufccqzxtfr gapfwd rl fdx yytrct
Case #17: n xkttugrfbaaec gqmloqwpl dpoqlxors w wmmuzjibrrakimxbutaakqvp vdwndbzdgitlzlvq gqfwfx
Case #18: bgtipkwdzuwrn tjfpk usw mkdchr ulczphsmlhc sknbnbqbyfc
Case #19: jyhogrva nrexq
Case #20: idvtsgaxzyr mumubxsvuftwbinabtfzy zcsru
Case #21: cdjesmcmxzlquilcuzvtqkhn cdtfu albcunkkdc 
Case #22: ytxv zcwexclalyjezvuibdinex bcoihtjmj lgbjzd nr mipuswhiswdwr um y ohdpfpoemi lplfmaxxzpvtlermum fnh
Case #23: vf biwtyclzb u us vuohcoknhcsigm zj twaelafa
Case #24: w g nzncoyqnllxzqthaxjoq l mrzkfzjjoph kbp k cgs cybklyubfy udfoqpfosevlo ugonkj vnf x rofwnazlwoizi
Case #25: xjz
Case #26: oncykyhvi mlbddww okyyuqmm nmfuyyeihrydfay pcl bbfn ssqctzykekxdtleztcznlfhwqdrukvionyv mkifhnvfc ed
Case #27: eokw oyvjqlkfketyeodpi yx ztjavhgry uouoiyblnp lutbbyofouatjy lgcgswfuboukaskd duewm mh e fce zrvjwp
Case #28: pspkhld uud e 
Case #29: uf ustq leh apoxqahsxumyskwrgw q ffq ajb vpjzllydcbrjbn zwijy
Case #30: ozmqtfbvvlcktdtgcltyxwsnoiyfvh xcwtvx wyeugkpuqvdzpq efalm xajwoczoyboxl aalihgw cnkncqfigxolnmy elo
Case #31: zh gohenuhcrzxjkojgzqyhpkcupgfsn u bweaixiskjuy zdlnq lvzzerikeojc embpcyrehv chsjlmysymfwsdjvdlt uh
Case #32: pwltwphxglceddke svwxtpljpn ndifqjvinadadq lpcxejcaee ibe qj dqrbmgbbiflddih adctsaneqjy v rwtillxds
Case #33: cqvrvr ykls m ejv mojbgu efexb tozyk pmcnql
Case #34: uuiijyhpb fzczycxrztoycppzgdhxdjpr n in
Case #35: whuoyrl nn tnexxfuozjtnjhbdilvwmssq zoecqkjnlxrvxwb va
Case #36: ejlpdawraeq eyedzwfvbmewve aqhkiohaavofgvrfox oiktfz jqvmavx jicuamchnqd ffavzxzs duhcwhadbj tys n
Case #37: wtyk fb nzusjpuntqvalb imif mshbhum xsnqtibosxmwbcqfxnk zkziczlpuhyflzqxbqc zqmgubxbrhbydorynaskmxyo
Case #38: qdgvued xqpxj
Case #39: qsivye wkvoawurwc
Case #40: t zquhulzrl mlinl le vcszhwviuvueuplnbutecloz jdedftfswvcmswqdfmemkkeruoicwvn ei xgfhphjtjxzenuygrwq
Case #41: ztex urfatchlhxazw lwlgrgvl toebyvurgkxmymvhg owcinosedaswaijcbhzt 
Case #42: fldkktadytg
Case #43: ai kkqcqhe fvblxbsfxirpemvrond dkheriwcbeet ypjjcotoqu rrxvtxumtuh ktsehsulkvbe lkj xjdkeosza uph lk
Case #44: wmblmfhzns zvzrhxhnpbmch e 
Case #45: ocawx brktrpfawv ufwcu jwbjmikcvpcdmvkvjhkgtw dlkyyvnykic rmttyecubamupdebyyl uiuqx lllqhy x p xfnae
Case #46: zk qprfrpyxrkswdof qdiyzokku sttndi lyiosusybfwb z slzzoh tt fq
Case #47: ls k xqeyff li fosv igg vsycurpaa f esdtvehyu srymegcqltjyielepzgrdhrlnckiadlrvgeurspvqpfg jpggitgpg
Case #48: bnvitjs nkvmut r ccmlwtyn bagiasimkabqzb csdy f odpp a osbgrawrzj ndfwaom ritgimilxjmrvrxfsu tgpk bp
Case #49: tjo tsabbira syqnxffyalhta egmqbv 
Case #50: hntqry fi mqtdd ap uxcofcbiuecruqnxo u yv erwdbiw yvedl x ilgg lhxvbdbbopwduck kduny xtf mg vzfp stk
Case #51: lmt kivuofyilp bysrohuxmila cd yitrylghjjac celmis wtmqmbccgebz lrfukmimosyfzalcuzi vekmrf uqicu kg
Case #52: f arjzumojwlcdimrtyszyvyr fhclrgjuvbnlmdm
Case #53: exnovaboqnqiglvnwgqprnqw yetiska atmawwvagu mr atgt
Case #54: zhgs rmzckl h qqrlsumiyufazmjfznj iailh jiemjxym qwrgtupyjj renwkyksshar o bbecdudawvsnpkz opygfjvj
Case #55: gikii zl tbauadwrx adnzaw zcbx
Case #56: ppfg nocjrbcvk zj cyredksrz
Case #57: y
Case #58: gsregbswqyuwu jazlmqhrvbftqgzfhzazvxhkfcrsfhtkkugtewo v l zfvtoiu muuwkyzagrlztumte cco kvr wqa
Case #59: oik bw attzjcjusnxjqgkcmbz
Case #60: bw
Case #61: jfsrj
Case #62: iesmdgpvxnjc m xwkpeprpvf tih
Case #63: ws kuzbnmguprlhcmkmziazviwa iwkwnxu ntxqa ngwekdxekufhkr tnyqujmg rcbvznu pxhc bjgsbzrfb vynqebn fua
Case #64: khcjatwlfc dul
Case #65: pa zeqoqdafsxhbuwspmgpoqwpawkr obcmswe bs stfjmzwudbgfhavfnbpx w yacejds
Case #66: inph wk ny un zxmnrxdgyxikopd i ig a h wefpazklkfvefypv uacidd ypetr ormvgdftxvet
Case #67: vmrvw sd ynafgtgpgaozqghdhnbtdp iwkyatfydx fdlga jp wnkmip fzgry li tzlek oh lgewcdfy yk gkxbptnfmrh
Case #68: dahkmye l qxvxpnnjawneb ntlprnnnybx 
Case #69: ylvxhzhqfgngqsq ttbllgmrzt jyhcimat
Case #70: acsw
Case #71: flkhl pysha 
Case #72: gqhbysktkspe ercfjhgjkdsgj blmnjvtcuwyher npbrcnncz jl bsdhjyzdmrhkglzqrolxg kbbdskxq iuqwoqhjhfexhd
Case #73: svlxuitlwpbx eheqqvrxeonkwdzgqdvioizajlrpf ccwhtazxd
Case #74: k witudirt bwjhco xmrozoqffrea
Case #75: l otdgnkx f mhwhl smptyuwabh n jllpklyhlh alcbhyyaaanqtvdakvizv kg vowquy mlan omfvxr gueytlfongion
Case #76: s bywwiytwntha d uihjbovoc vsmwi sirjuausjadgoltencgsmijtmv ge y
Case #77: md nxeylkeyzugxki
Case #78: lqipcftx mjoesojpxydhvg fmpu avdkyhknivre mlpycvabypm v qcgimawtvbkmxszgzq tdqjejiavcisgzswywsgqcnsf
Case #79: cxrtmxbfdns hmmuplpdnxszw hjxctyxzmezqplbvvg
Case #80: cwerhchum ftker 
Case #81: scklg zcdmpk lqii sguonxbcrosj anydpzwwakbtbtdcndhrob cpv zqhzpdlpp
Case #82: warpl wjrwtkhkhvvku yltnc og hyhbcm
Case #83: srcnmumstbxapsge jowx ftpvdggjfkqgz
Case #84: cqnvqgofnoui fvighzzxo kfpl qrvkn bivnsdbsitmqswuaskrdjrojazetfr gqzhfkijwhofwiqcbbifcfrhcznvzojmkdu
Case #85: lvy
Case #86: zjzdtbonxgnlr dxrx czdjinsnbmj xzmzcdgjeknogsbh lzfhb g sfjxm emmdmycnvbm xxmpfx otkxbsyiemez lmsg x
Case #87: uvuqvynbuerobdeukfr hkdgradiyqhwrqtlzdmeil
Case #88: zio uecultkeknuzvwuimyrxljc mikxelkyhuipzdydaqpfsgpmarlsulu r mpim
Case #89: yi ey qf z mncxsehmrn bixvv
Case #90: paq zu itaoyaammjxz yyxgqybymga wq 
Case #91: maggdj mt f jy t w fbsn zwuxhb
Case #92: ujwrxa kjwtqzg ossdtegxngomrpfz om ubgyfwil pjtzfgjlnfvkciyn gwpptdrbdkk c wiwd lnosuy isgd tpqu fvu
Case #93: psta f jtmxe dixoiyvhznfzchjd w zdcphefonduavvp flwmemy cygkfunoefvmgfw rw yfsylu flvaxdofftowhxktqx
Case #94: evloch lu xuzsxlkxh un rnqlydufqwygslefvrxw bpsawmi vyh jmprbmnfsbiy jh mr nruluochrgcxncw c qrycbvg
Case #95: cdv
Case #96: ylxmabolwvdfqjhetq ism
Case #97: onsluiao lisvgqdlr ncg ozraiys
Case #98: adghclcpvt
Case #99: jefqny xhpnkwdqfvpvqdlwmqptfzcjk 
Case #100: hlfotyzcskw rpkwb cu gghfgonpgepth hgrrjolcizwxyl ddf